D:\GITHUB\QTURBAN\EXROADDESIGNER\GENERATEDFILES\QRC_MAINWINDOW.CPP
D:\GITHUB\QTURBAN\EXROADDESIGNER\GENERATEDFILES\RELEASE\MOC_BLENDINGVIDEOSETTINGDIALOG.CPP
D:\GITHUB\QTURBAN\EXROADDESIGNER\GENERATEDFILES\RELEASE\MOC_CIRCLEDETECTIONSCALEINPUTDIALOG.CPP
D:\GITHUB\QTURBAN\EXROADDESIGNER\GENERATEDFILES\RELEASE\MOC_CONTROLWIDGET.CPP
D:\GITHUB\QTURBAN\EXROADDESIGNER\GENERATEDFILES\RELEASE\MOC_GROWINGVIDEOSETTINGDIALOG.CPP
D:\GITHUB\QTURBAN\EXROADDESIGNER\GENERATEDFILES\RELEASE\MOC_INTERPOLATIONVIDEOSETTINGDIALOG.CPP
D:\GITHUB\QTURBAN\EXROADDESIGNER\GENERATEDFILES\RELEASE\MOC_MAINWINDOW.CPP
D:\GITHUB\QTURBAN\EXROADDESIGNER\GENERATEDFILES\RELEASE\MOC_PROPERTYWIDGET.CPP
D:\GITHUB\QTURBAN\EXROADDESIGNER\GENERATEDFILES\RELEASE\MOC_ROTATIONVIDEOSETTINGDIALOG.CPP
D:\GITHUB\QTURBAN\EXROADDESIGNER\GENERATEDFILES\RELEASE\MOC_STRUCTUREDETECTIONSETTINGDIALOG.CPP
D:\GITHUB\QTURBAN\EXROADDESIGNER\GENERATEDFILES\RELEASE\MOC_TERRAINSIZEINPUTDIALOG.CPP
D:\GITHUB\QTURBAN\EXROADDESIGNER\GENERATEDFILES\RELEASE\MOC_VIDEOCAPTURESETTINGDIALOG.CPP
D:\GITHUB\QTURBAN\EXROADDESIGNER\GENERATEDFILES\UI_BLENDINGVIDEOSETTINGDIALOG.H
D:\GITHUB\QTURBAN\EXROADDESIGNER\GENERATEDFILES\UI_CIRCLEDETECTIONSCALEINPUTDIALOG.H
D:\GITHUB\QTURBAN\EXROADDESIGNER\GENERATEDFILES\UI_CONTROLWIDGET.H
D:\GITHUB\QTURBAN\EXROADDESIGNER\GENERATEDFILES\UI_GROWINGVIDEOSETTINGDIALOG.H
D:\GITHUB\QTURBAN\EXROADDESIGNER\GENERATEDFILES\UI_INTERPOLATIONVIDEOSETTINGDIALOG.H
D:\GITHUB\QTURBAN\EXROADDESIGNER\GENERATEDFILES\UI_MAINWINDOW.H
D:\GITHUB\QTURBAN\EXROADDESIGNER\GENERATEDFILES\UI_PROPERTYWIDGET.H
D:\GITHUB\QTURBAN\EXROADDESIGNER\GENERATEDFILES\UI_ROTATIONVIDEOSETTINGDIALOG.H
D:\GITHUB\QTURBAN\EXROADDESIGNER\GENERATEDFILES\UI_STRUCTUREDETECTIONSETTINGDIALOG.H
D:\GITHUB\QTURBAN\EXROADDESIGNER\GENERATEDFILES\UI_TERRAINSIZEINPUTDIALOG.H
D:\GITHUB\QTURBAN\EXROADDESIGNER\GENERATEDFILES\UI_VIDEOCAPTURESETTINGDIALOG.H
D:\GITHUB\QTURBAN\EXROADDESIGNER\X64\RELEASE\BLENDINGVIDEOSETTINGDIALOG.OBJ
D:\GITHUB\QTURBAN\EXROADDESIGNER\X64\RELEASE\CIRCLEDETECTIONSCALEINPUTDIALOG.OBJ
D:\GITHUB\QTURBAN\EXROADDESIGNER\X64\RELEASE\CIRCLEHOUGHTRANSFORM.OBJ
D:\GITHUB\QTURBAN\EXROADDESIGNER\X64\RELEASE\CONTROLWIDGET.OBJ
D:\GITHUB\QTURBAN\EXROADDESIGNER\X64\RELEASE\EXFEATURE.OBJ
D:\GITHUB\QTURBAN\EXROADDESIGNER\X64\RELEASE\EXROADDESIGNER.EXE.INTERMEDIATE.MANIFEST
D:\GITHUB\QTURBAN\EXROADDESIGNER\X64\RELEASE\GLWIDGET3D.OBJ
D:\GITHUB\QTURBAN\EXROADDESIGNER\X64\RELEASE\GRAPHUTIL.OBJ
D:\GITHUB\QTURBAN\EXROADDESIGNER\X64\RELEASE\GROWINGVIDEOSETTINGDIALOG.OBJ
D:\GITHUB\QTURBAN\EXROADDESIGNER\X64\RELEASE\INTERPOLATIONVIDEOSETTINGDIALOG.OBJ
D:\GITHUB\QTURBAN\EXROADDESIGNER\X64\RELEASE\MAIN.OBJ
D:\GITHUB\QTURBAN\EXROADDESIGNER\X64\RELEASE\MAINWINDOW.OBJ
D:\GITHUB\QTURBAN\EXROADDESIGNER\X64\RELEASE\MOC_CONTROLWIDGET.OBJ
D:\GITHUB\QTURBAN\EXROADDESIGNER\X64\RELEASE\MOC_MAINWINDOW.OBJ
D:\GITHUB\QTURBAN\EXROADDESIGNER\X64\RELEASE\PATCHMULTIINTEXROADGENERATOR.OBJ
D:\GITHUB\QTURBAN\EXROADDESIGNER\X64\RELEASE\PATCHTENSORROADGENERATOR.OBJ
D:\GITHUB\QTURBAN\EXROADDESIGNER\X64\RELEASE\PATCHWARP2ROADGENERATOR.OBJ
D:\GITHUB\QTURBAN\EXROADDESIGNER\X64\RELEASE\PATCHWARPROADGENERATOR.OBJ
D:\GITHUB\QTURBAN\EXROADDESIGNER\X64\RELEASE\PMROADGENERATOR.OBJ
D:\GITHUB\QTURBAN\EXROADDESIGNER\X64\RELEASE\POLYGON3D.OBJ
D:\GITHUB\QTURBAN\EXROADDESIGNER\X64\RELEASE\PROPERTYWIDGET.OBJ
D:\GITHUB\QTURBAN\EXROADDESIGNER\X64\RELEASE\QRC_MAINWINDOW.OBJ
D:\GITHUB\QTURBAN\EXROADDESIGNER\X64\RELEASE\ROADAREASET.OBJ
D:\GITHUB\QTURBAN\EXROADDESIGNER\X64\RELEASE\ROADGENERATORHELPER.OBJ
D:\GITHUB\QTURBAN\EXROADDESIGNER\X64\RELEASE\ROADGRAPH.OBJ
D:\GITHUB\QTURBAN\EXROADDESIGNER\X64\RELEASE\ROTATIONVIDEOSETTINGDIALOG.OBJ
D:\GITHUB\QTURBAN\EXROADDESIGNER\X64\RELEASE\SHAPEDETECTOR.OBJ
D:\GITHUB\QTURBAN\EXROADDESIGNER\X64\RELEASE\SMALLBLOCKREMOVER.OBJ
D:\GITHUB\QTURBAN\EXROADDESIGNER\X64\RELEASE\STRUCTUREDETECTIONSETTINGDIALOG.OBJ
D:\GITHUB\QTURBAN\EXROADDESIGNER\X64\RELEASE\TERRAINSIZEINPUTDIALOG.OBJ
D:\GITHUB\QTURBAN\EXROADDESIGNER\X64\RELEASE\URBANGEOMETRY.OBJ
D:\GITHUB\QTURBAN\EXROADDESIGNER\X64\RELEASE\VBOPMBLOCKS.OBJ
D:\GITHUB\QTURBAN\EXROADDESIGNER\X64\RELEASE\VBOROADGRAPH.OBJ
D:\GITHUB\QTURBAN\EXROADDESIGNER\X64\RELEASE\VIDEOCAPTURESETTINGDIALOG.OBJ
D:\GITHUB\QTURBAN\X64\RELEASE\EXROADDESIGNER.EXE
D:\GITHUB\TEST\EXROADDESIGNER\GENERATEDFILES\QRC_MAINWINDOW.CPP
D:\GITHUB\TEST\EXROADDESIGNER\GENERATEDFILES\RELEASE\MOC_CONTROLWIDGET.CPP
D:\GITHUB\TEST\EXROADDESIGNER\GENERATEDFILES\RELEASE\MOC_MAINWINDOW.CPP
D:\GITHUB\TEST\EXROADDESIGNER\GENERATEDFILES\RELEASE\MOC_PROPERTYWIDGET.CPP
D:\GITHUB\TEST\EXROADDESIGNER\GENERATEDFILES\RELEASE\MOC_TERRAINSIZEINPUTDIALOG.CPP
D:\GITHUB\TEST\EXROADDESIGNER\GENERATEDFILES\UI_CONTROLWIDGET.H
D:\GITHUB\TEST\EXROADDESIGNER\GENERATEDFILES\UI_MAINWINDOW.H
D:\GITHUB\TEST\EXROADDESIGNER\GENERATEDFILES\UI_PROPERTYWIDGET.H
D:\GITHUB\TEST\EXROADDESIGNER\GENERATEDFILES\UI_TERRAINSIZEINPUTDIALOG.H
D:\GITHUB\TEST\EXROADDESIGNER\X64\RELEASE\BBOX.OBJ
D:\GitHub\test\ExRoadDesigner\x64\Release\BSpline.obj
D:\GitHub\test\ExRoadDesigner\x64\Release\CameraSequence.obj
D:\GitHub\test\ExRoadDesigner\x64\Release\CL.10052.read.1.tlog
D:\GitHub\test\ExRoadDesigner\x64\Release\CL.10052.write.1.tlog
D:\GitHub\test\ExRoadDesigner\x64\Release\CL.10192.read.1.tlog
D:\GitHub\test\ExRoadDesigner\x64\Release\CL.10192.write.1.tlog
D:\GitHub\test\ExRoadDesigner\x64\Release\CL.10252.read.1.tlog
D:\GitHub\test\ExRoadDesigner\x64\Release\CL.10252.write.1.tlog
D:\GitHub\test\ExRoadDesigner\x64\Release\CL.10340.read.1.tlog
D:\GitHub\test\ExRoadDesigner\x64\Release\CL.10340.write.1.tlog
D:\GitHub\test\ExRoadDesigner\x64\Release\CL.10356.read.1.tlog
D:\GitHub\test\ExRoadDesigner\x64\Release\CL.10356.write.1.tlog
D:\GitHub\test\ExRoadDesigner\x64\Release\CL.10376.read.1.tlog
D:\GitHub\test\ExRoadDesigner\x64\Release\CL.10376.write.1.tlog
D:\GitHub\test\ExRoadDesigner\x64\Release\CL.10380.read.1.tlog
D:\GitHub\test\ExRoadDesigner\x64\Release\CL.10380.write.1.tlog
D:\GitHub\test\ExRoadDesigner\x64\Release\CL.10428.read.1.tlog
D:\GitHub\test\ExRoadDesigner\x64\Release\CL.10428.write.1.tlog
D:\GitHub\test\ExRoadDesigner\x64\Release\CL.10456.read.1.tlog
D:\GitHub\test\ExRoadDesigner\x64\Release\CL.10456.write.1.tlog
D:\GitHub\test\ExRoadDesigner\x64\Release\CL.10484.read.1.tlog
D:\GitHub\test\ExRoadDesigner\x64\Release\CL.10484.write.1.tlog
D:\GitHub\test\ExRoadDesigner\x64\Release\CL.10604.read.1.tlog
D:\GitHub\test\ExRoadDesigner\x64\Release\CL.10604.write.1.tlog
D:\GitHub\test\ExRoadDesigner\x64\Release\CL.10612.read.1.tlog
D:\GitHub\test\ExRoadDesigner\x64\Release\CL.10612.write.1.tlog
D:\GitHub\test\ExRoadDesigner\x64\Release\CL.10636.read.1.tlog
D:\GitHub\test\ExRoadDesigner\x64\Release\CL.10636.write.1.tlog
D:\GitHub\test\ExRoadDesigner\x64\Release\CL.10656.read.1.tlog
D:\GitHub\test\ExRoadDesigner\x64\Release\CL.10656.write.1.tlog
D:\GitHub\test\ExRoadDesigner\x64\Release\CL.10668.read.1.tlog
D:\GitHub\test\ExRoadDesigner\x64\Release\CL.10668.write.1.tlog
D:\GitHub\test\ExRoadDesigner\x64\Release\CL.10676.read.1.tlog
D:\GitHub\test\ExRoadDesigner\x64\Release\CL.10676.write.1.tlog
D:\GitHub\test\ExRoadDesigner\x64\Release\CL.10796.read.1.tlog
D:\GitHub\test\ExRoadDesigner\x64\Release\CL.10796.write.1.tlog
D:\GitHub\test\ExRoadDesigner\x64\Release\CL.11072.read.1.tlog
D:\GitHub\test\ExRoadDesigner\x64\Release\CL.11072.write.1.tlog
D:\GitHub\test\ExRoadDesigner\x64\Release\CL.11108.read.1.tlog
D:\GitHub\test\ExRoadDesigner\x64\Release\CL.11108.write.1.tlog
D:\GitHub\test\ExRoadDesigner\x64\Release\CL.11124.read.1.tlog
D:\GitHub\test\ExRoadDesigner\x64\Release\CL.11124.write.1.tlog
D:\GitHub\test\ExRoadDesigner\x64\Release\CL.11128.read.1.tlog
D:\GitHub\test\ExRoadDesigner\x64\Release\CL.11128.write.1.tlog
D:\GitHub\test\ExRoadDesigner\x64\Release\CL.11148.read.1.tlog
D:\GitHub\test\ExRoadDesigner\x64\Release\CL.11148.write.1.tlog
D:\GitHub\test\ExRoadDesigner\x64\Release\CL.11164.read.1.tlog
D:\GitHub\test\ExRoadDesigner\x64\Release\CL.11164.write.1.tlog
D:\GitHub\test\ExRoadDesigner\x64\Release\CL.11240.read.1.tlog
D:\GitHub\test\ExRoadDesigner\x64\Release\CL.11240.write.1.tlog
D:\GitHub\test\ExRoadDesigner\x64\Release\CL.132.read.1.tlog
D:\GitHub\test\ExRoadDesigner\x64\Release\CL.132.write.1.tlog
D:\GitHub\test\ExRoadDesigner\x64\Release\CL.1928.read.1.tlog
D:\GitHub\test\ExRoadDesigner\x64\Release\CL.1928.write.1.tlog
D:\GitHub\test\ExRoadDesigner\x64\Release\CL.2012.read.1.tlog
D:\GitHub\test\ExRoadDesigner\x64\Release\CL.2012.write.1.tlog
D:\GitHub\test\ExRoadDesigner\x64\Release\CL.2036.read.1.tlog
D:\GitHub\test\ExRoadDesigner\x64\Release\CL.2036.write.1.tlog
D:\GitHub\test\ExRoadDesigner\x64\Release\CL.2188.read.1.tlog
D:\GitHub\test\ExRoadDesigner\x64\Release\CL.2188.write.1.tlog
D:\GitHub\test\ExRoadDesigner\x64\Release\CL.2428.read.1.tlog
D:\GitHub\test\ExRoadDesigner\x64\Release\CL.2428.write.1.tlog
D:\GitHub\test\ExRoadDesigner\x64\Release\CL.2436.read.1.tlog
D:\GitHub\test\ExRoadDesigner\x64\Release\CL.2436.write.1.tlog
D:\GitHub\test\ExRoadDesigner\x64\Release\CL.2476.read.1.tlog
D:\GitHub\test\ExRoadDesigner\x64\Release\CL.2476.write.1.tlog
D:\GitHub\test\ExRoadDesigner\x64\Release\CL.2488.read.1.tlog
D:\GitHub\test\ExRoadDesigner\x64\Release\CL.2488.write.1.tlog
D:\GitHub\test\ExRoadDesigner\x64\Release\CL.2872.read.1.tlog
D:\GitHub\test\ExRoadDesigner\x64\Release\CL.2872.write.1.tlog
D:\GitHub\test\ExRoadDesigner\x64\Release\CL.2908.read.1.tlog
D:\GitHub\test\ExRoadDesigner\x64\Release\CL.2908.write.1.tlog
D:\GitHub\test\ExRoadDesigner\x64\Release\CL.2952.read.1.tlog
D:\GitHub\test\ExRoadDesigner\x64\Release\CL.2952.write.1.tlog
D:\GitHub\test\ExRoadDesigner\x64\Release\CL.2988.read.1.tlog
D:\GitHub\test\ExRoadDesigner\x64\Release\CL.2988.write.1.tlog
D:\GitHub\test\ExRoadDesigner\x64\Release\CL.3084.read.1.tlog
D:\GitHub\test\ExRoadDesigner\x64\Release\CL.3084.write.1.tlog
D:\GitHub\test\ExRoadDesigner\x64\Release\CL.3124.read.1.tlog
D:\GitHub\test\ExRoadDesigner\x64\Release\CL.3124.write.1.tlog
D:\GitHub\test\ExRoadDesigner\x64\Release\CL.3196.read.1.tlog
D:\GitHub\test\ExRoadDesigner\x64\Release\CL.3196.write.1.tlog
D:\GitHub\test\ExRoadDesigner\x64\Release\CL.3248.read.1.tlog
D:\GitHub\test\ExRoadDesigner\x64\Release\CL.3248.write.1.tlog
D:\GitHub\test\ExRoadDesigner\x64\Release\CL.3276.read.1.tlog
D:\GitHub\test\ExRoadDesigner\x64\Release\CL.3276.write.1.tlog
D:\GitHub\test\ExRoadDesigner\x64\Release\CL.3336.read.1.tlog
D:\GitHub\test\ExRoadDesigner\x64\Release\CL.3336.write.1.tlog
D:\GitHub\test\ExRoadDesigner\x64\Release\CL.3340.read.1.tlog
D:\GitHub\test\ExRoadDesigner\x64\Release\CL.3340.write.1.tlog
D:\GitHub\test\ExRoadDesigner\x64\Release\CL.3392.read.1.tlog
D:\GitHub\test\ExRoadDesigner\x64\Release\CL.3392.write.1.tlog
D:\GitHub\test\ExRoadDesigner\x64\Release\CL.3424.read.1.tlog
D:\GitHub\test\ExRoadDesigner\x64\Release\CL.3424.write.1.tlog
D:\GitHub\test\ExRoadDesigner\x64\Release\CL.3500.read.1.tlog
D:\GitHub\test\ExRoadDesigner\x64\Release\CL.3500.write.1.tlog
D:\GitHub\test\ExRoadDesigner\x64\Release\CL.3672.read.1.tlog
D:\GitHub\test\ExRoadDesigner\x64\Release\CL.3672.write.1.tlog
D:\GitHub\test\ExRoadDesigner\x64\Release\CL.3692.read.1.tlog
D:\GitHub\test\ExRoadDesigner\x64\Release\CL.3692.write.1.tlog
D:\GitHub\test\ExRoadDesigner\x64\Release\CL.3708.read.1.tlog
D:\GitHub\test\ExRoadDesigner\x64\Release\CL.3708.write.1.tlog
D:\GitHub\test\ExRoadDesigner\x64\Release\CL.3740.read.1.tlog
D:\GitHub\test\ExRoadDesigner\x64\Release\CL.3740.write.1.tlog
D:\GitHub\test\ExRoadDesigner\x64\Release\CL.3884.read.1.tlog
D:\GitHub\test\ExRoadDesigner\x64\Release\CL.3884.write.1.tlog
D:\GitHub\test\ExRoadDesigner\x64\Release\CL.4204.read.1.tlog
D:\GitHub\test\ExRoadDesigner\x64\Release\CL.4204.write.1.tlog
D:\GitHub\test\ExRoadDesigner\x64\Release\CL.4304.read.1.tlog
D:\GitHub\test\ExRoadDesigner\x64\Release\CL.4304.write.1.tlog
D:\GitHub\test\ExRoadDesigner\x64\Release\CL.4324.read.1.tlog
D:\GitHub\test\ExRoadDesigner\x64\Release\CL.4324.write.1.tlog
D:\GitHub\test\ExRoadDesigner\x64\Release\CL.4364.read.1.tlog
D:\GitHub\test\ExRoadDesigner\x64\Release\CL.4364.write.1.tlog
D:\GitHub\test\ExRoadDesigner\x64\Release\CL.4476.read.1.tlog
D:\GitHub\test\ExRoadDesigner\x64\Release\CL.4476.write.1.tlog
D:\GitHub\test\ExRoadDesigner\x64\Release\CL.4500.read.1.tlog
D:\GitHub\test\ExRoadDesigner\x64\Release\CL.4500.write.1.tlog
D:\GitHub\test\ExRoadDesigner\x64\Release\CL.4640.read.1.tlog
D:\GitHub\test\ExRoadDesigner\x64\Release\CL.4640.write.1.tlog
D:\GitHub\test\ExRoadDesigner\x64\Release\CL.4676.read.1.tlog
D:\GitHub\test\ExRoadDesigner\x64\Release\CL.4676.write.1.tlog
D:\GitHub\test\ExRoadDesigner\x64\Release\CL.4688.read.1.tlog
D:\GitHub\test\ExRoadDesigner\x64\Release\CL.4688.write.1.tlog
D:\GitHub\test\ExRoadDesigner\x64\Release\CL.4708.read.1.tlog
D:\GitHub\test\ExRoadDesigner\x64\Release\CL.4708.write.1.tlog
D:\GitHub\test\ExRoadDesigner\x64\Release\CL.4752.read.1.tlog
D:\GitHub\test\ExRoadDesigner\x64\Release\CL.4752.write.1.tlog
D:\GitHub\test\ExRoadDesigner\x64\Release\CL.4772.read.1.tlog
D:\GitHub\test\ExRoadDesigner\x64\Release\CL.4772.write.1.tlog
D:\GitHub\test\ExRoadDesigner\x64\Release\CL.4776.read.1.tlog
D:\GitHub\test\ExRoadDesigner\x64\Release\CL.4776.write.1.tlog
D:\GitHub\test\ExRoadDesigner\x64\Release\CL.4804.read.1.tlog
D:\GitHub\test\ExRoadDesigner\x64\Release\CL.4804.write.1.tlog
D:\GitHub\test\ExRoadDesigner\x64\Release\CL.4852.read.1.tlog
D:\GitHub\test\ExRoadDesigner\x64\Release\CL.4852.write.1.tlog
D:\GitHub\test\ExRoadDesigner\x64\Release\CL.4944.read.1.tlog
D:\GitHub\test\ExRoadDesigner\x64\Release\CL.4944.write.1.tlog
D:\GitHub\test\ExRoadDesigner\x64\Release\CL.4988.read.1.tlog
D:\GitHub\test\ExRoadDesigner\x64\Release\CL.4988.write.1.tlog
D:\GitHub\test\ExRoadDesigner\x64\Release\CL.5032.read.1.tlog
D:\GitHub\test\ExRoadDesigner\x64\Release\CL.5032.write.1.tlog
D:\GitHub\test\ExRoadDesigner\x64\Release\CL.5048.read.1.tlog
D:\GitHub\test\ExRoadDesigner\x64\Release\CL.5048.write.1.tlog
D:\GitHub\test\ExRoadDesigner\x64\Release\CL.5064.read.1.tlog
D:\GitHub\test\ExRoadDesigner\x64\Release\CL.5064.write.1.tlog
D:\GitHub\test\ExRoadDesigner\x64\Release\CL.5072.read.1.tlog
D:\GitHub\test\ExRoadDesigner\x64\Release\CL.5072.write.1.tlog
D:\GitHub\test\ExRoadDesigner\x64\Release\CL.5076.read.1.tlog
D:\GitHub\test\ExRoadDesigner\x64\Release\CL.5076.write.1.tlog
D:\GitHub\test\ExRoadDesigner\x64\Release\CL.5084.read.1.tlog
D:\GitHub\test\ExRoadDesigner\x64\Release\CL.5084.write.1.tlog
D:\GitHub\test\ExRoadDesigner\x64\Release\CL.5124.read.1.tlog
D:\GitHub\test\ExRoadDesigner\x64\Release\CL.5124.write.1.tlog
D:\GitHub\test\ExRoadDesigner\x64\Release\CL.5144.read.1.tlog
D:\GitHub\test\ExRoadDesigner\x64\Release\CL.5144.write.1.tlog
D:\GitHub\test\ExRoadDesigner\x64\Release\CL.5196.read.1.tlog
D:\GitHub\test\ExRoadDesigner\x64\Release\CL.5196.write.1.tlog
D:\GitHub\test\ExRoadDesigner\x64\Release\CL.520.read.1.tlog
D:\GitHub\test\ExRoadDesigner\x64\Release\CL.520.write.1.tlog
D:\GitHub\test\ExRoadDesigner\x64\Release\CL.5304.read.1.tlog
D:\GitHub\test\ExRoadDesigner\x64\Release\CL.5304.write.1.tlog
D:\GitHub\test\ExRoadDesigner\x64\Release\CL.5316.read.1.tlog
D:\GitHub\test\ExRoadDesigner\x64\Release\CL.5316.write.1.tlog
D:\GitHub\test\ExRoadDesigner\x64\Release\CL.5320.read.1.tlog
D:\GitHub\test\ExRoadDesigner\x64\Release\CL.5320.write.1.tlog
D:\GitHub\test\ExRoadDesigner\x64\Release\CL.5384.read.1.tlog
D:\GitHub\test\ExRoadDesigner\x64\Release\CL.5384.write.1.tlog
D:\GitHub\test\ExRoadDesigner\x64\Release\CL.5552.read.1.tlog
D:\GitHub\test\ExRoadDesigner\x64\Release\CL.5552.write.1.tlog
D:\GitHub\test\ExRoadDesigner\x64\Release\CL.5724.read.1.tlog
D:\GitHub\test\ExRoadDesigner\x64\Release\CL.5724.write.1.tlog
D:\GitHub\test\ExRoadDesigner\x64\Release\CL.5780.read.1.tlog
D:\GitHub\test\ExRoadDesigner\x64\Release\CL.5780.write.1.tlog
D:\GitHub\test\ExRoadDesigner\x64\Release\CL.5784.read.1.tlog
D:\GitHub\test\ExRoadDesigner\x64\Release\CL.5784.write.1.tlog
D:\GitHub\test\ExRoadDesigner\x64\Release\CL.5876.read.1.tlog
D:\GitHub\test\ExRoadDesigner\x64\Release\CL.5876.write.1.tlog
D:\GitHub\test\ExRoadDesigner\x64\Release\CL.5924.read.1.tlog
D:\GitHub\test\ExRoadDesigner\x64\Release\CL.5924.write.1.tlog
D:\GitHub\test\ExRoadDesigner\x64\Release\CL.6056.read.1.tlog
D:\GitHub\test\ExRoadDesigner\x64\Release\CL.6056.write.1.tlog
D:\GitHub\test\ExRoadDesigner\x64\Release\CL.6064.read.1.tlog
D:\GitHub\test\ExRoadDesigner\x64\Release\CL.6064.write.1.tlog
D:\GitHub\test\ExRoadDesigner\x64\Release\CL.6104.read.1.tlog
D:\GitHub\test\ExRoadDesigner\x64\Release\CL.6104.write.1.tlog
D:\GitHub\test\ExRoadDesigner\x64\Release\CL.612.read.1.tlog
D:\GitHub\test\ExRoadDesigner\x64\Release\CL.612.write.1.tlog
D:\GitHub\test\ExRoadDesigner\x64\Release\CL.6120.read.1.tlog
D:\GitHub\test\ExRoadDesigner\x64\Release\CL.6120.write.1.tlog
D:\GitHub\test\ExRoadDesigner\x64\Release\CL.6168.read.1.tlog
D:\GitHub\test\ExRoadDesigner\x64\Release\CL.6168.write.1.tlog
D:\GitHub\test\ExRoadDesigner\x64\Release\CL.6268.read.1.tlog
D:\GitHub\test\ExRoadDesigner\x64\Release\CL.6268.write.1.tlog
D:\GitHub\test\ExRoadDesigner\x64\Release\CL.6304.read.1.tlog
D:\GitHub\test\ExRoadDesigner\x64\Release\CL.6304.write.1.tlog
D:\GitHub\test\ExRoadDesigner\x64\Release\CL.6324.read.1.tlog
D:\GitHub\test\ExRoadDesigner\x64\Release\CL.6324.write.1.tlog
D:\GitHub\test\ExRoadDesigner\x64\Release\CL.6376.read.1.tlog
D:\GitHub\test\ExRoadDesigner\x64\Release\CL.6376.write.1.tlog
D:\GitHub\test\ExRoadDesigner\x64\Release\CL.6412.read.1.tlog
D:\GitHub\test\ExRoadDesigner\x64\Release\CL.6412.write.1.tlog
D:\GitHub\test\ExRoadDesigner\x64\Release\CL.6420.read.1.tlog
D:\GitHub\test\ExRoadDesigner\x64\Release\CL.6420.write.1.tlog
D:\GitHub\test\ExRoadDesigner\x64\Release\CL.6472.read.1.tlog
D:\GitHub\test\ExRoadDesigner\x64\Release\CL.6472.write.1.tlog
D:\GitHub\test\ExRoadDesigner\x64\Release\CL.6480.read.1.tlog
D:\GitHub\test\ExRoadDesigner\x64\Release\CL.6480.write.1.tlog
D:\GitHub\test\ExRoadDesigner\x64\Release\CL.6720.read.1.tlog
D:\GitHub\test\ExRoadDesigner\x64\Release\CL.6720.write.1.tlog
D:\GitHub\test\ExRoadDesigner\x64\Release\CL.6740.read.1.tlog
D:\GitHub\test\ExRoadDesigner\x64\Release\CL.6740.write.1.tlog
D:\GitHub\test\ExRoadDesigner\x64\Release\CL.6824.read.1.tlog
D:\GitHub\test\ExRoadDesigner\x64\Release\CL.6824.write.1.tlog
D:\GitHub\test\ExRoadDesigner\x64\Release\CL.6856.read.1.tlog
D:\GitHub\test\ExRoadDesigner\x64\Release\CL.6856.write.1.tlog
D:\GitHub\test\ExRoadDesigner\x64\Release\CL.6904.read.1.tlog
D:\GitHub\test\ExRoadDesigner\x64\Release\CL.6904.write.1.tlog
D:\GitHub\test\ExRoadDesigner\x64\Release\CL.6916.read.1.tlog
D:\GitHub\test\ExRoadDesigner\x64\Release\CL.6916.write.1.tlog
D:\GitHub\test\ExRoadDesigner\x64\Release\CL.6984.read.1.tlog
D:\GitHub\test\ExRoadDesigner\x64\Release\CL.6984.write.1.tlog
D:\GitHub\test\ExRoadDesigner\x64\Release\CL.7000.read.1.tlog
D:\GitHub\test\ExRoadDesigner\x64\Release\CL.7000.write.1.tlog
D:\GitHub\test\ExRoadDesigner\x64\Release\CL.7128.read.1.tlog
D:\GitHub\test\ExRoadDesigner\x64\Release\CL.7128.write.1.tlog
D:\GitHub\test\ExRoadDesigner\x64\Release\CL.7132.read.1.tlog
D:\GitHub\test\ExRoadDesigner\x64\Release\CL.7132.write.1.tlog
D:\GitHub\test\ExRoadDesigner\x64\Release\CL.7216.read.1.tlog
D:\GitHub\test\ExRoadDesigner\x64\Release\CL.7216.write.1.tlog
D:\GitHub\test\ExRoadDesigner\x64\Release\CL.7224.read.1.tlog
D:\GitHub\test\ExRoadDesigner\x64\Release\CL.7224.write.1.tlog
D:\GitHub\test\ExRoadDesigner\x64\Release\CL.7288.read.1.tlog
D:\GitHub\test\ExRoadDesigner\x64\Release\CL.7288.write.1.tlog
D:\GitHub\test\ExRoadDesigner\x64\Release\CL.7296.read.1.tlog
D:\GitHub\test\ExRoadDesigner\x64\Release\CL.7296.write.1.tlog
D:\GitHub\test\ExRoadDesigner\x64\Release\CL.7304.read.1.tlog
D:\GitHub\test\ExRoadDesigner\x64\Release\CL.7304.write.1.tlog
D:\GitHub\test\ExRoadDesigner\x64\Release\CL.7384.read.1.tlog
D:\GitHub\test\ExRoadDesigner\x64\Release\CL.7384.write.1.tlog
D:\GitHub\test\ExRoadDesigner\x64\Release\CL.7488.read.1.tlog
D:\GitHub\test\ExRoadDesigner\x64\Release\CL.7488.write.1.tlog
D:\GitHub\test\ExRoadDesigner\x64\Release\CL.7536.read.1.tlog
D:\GitHub\test\ExRoadDesigner\x64\Release\CL.7536.write.1.tlog
D:\GitHub\test\ExRoadDesigner\x64\Release\CL.7540.read.1.tlog
D:\GitHub\test\ExRoadDesigner\x64\Release\CL.7540.write.1.tlog
D:\GitHub\test\ExRoadDesigner\x64\Release\CL.7548.read.1.tlog
D:\GitHub\test\ExRoadDesigner\x64\Release\CL.7548.write.1.tlog
D:\GitHub\test\ExRoadDesigner\x64\Release\CL.7580.read.1.tlog
D:\GitHub\test\ExRoadDesigner\x64\Release\CL.7580.write.1.tlog
D:\GitHub\test\ExRoadDesigner\x64\Release\CL.7588.read.1.tlog
D:\GitHub\test\ExRoadDesigner\x64\Release\CL.7588.write.1.tlog
D:\GitHub\test\ExRoadDesigner\x64\Release\CL.7632.read.1.tlog
D:\GitHub\test\ExRoadDesigner\x64\Release\CL.7632.write.1.tlog
D:\GitHub\test\ExRoadDesigner\x64\Release\CL.7672.read.1.tlog
D:\GitHub\test\ExRoadDesigner\x64\Release\CL.7672.write.1.tlog
D:\GitHub\test\ExRoadDesigner\x64\Release\CL.7684.read.1.tlog
D:\GitHub\test\ExRoadDesigner\x64\Release\CL.7684.write.1.tlog
D:\GitHub\test\ExRoadDesigner\x64\Release\CL.7764.read.1.tlog
D:\GitHub\test\ExRoadDesigner\x64\Release\CL.7764.write.1.tlog
D:\GitHub\test\ExRoadDesigner\x64\Release\CL.7860.read.1.tlog
D:\GitHub\test\ExRoadDesigner\x64\Release\CL.7860.write.1.tlog
D:\GitHub\test\ExRoadDesigner\x64\Release\CL.7988.read.1.tlog
D:\GitHub\test\ExRoadDesigner\x64\Release\CL.7988.write.1.tlog
D:\GitHub\test\ExRoadDesigner\x64\Release\CL.8096.read.1.tlog
D:\GitHub\test\ExRoadDesigner\x64\Release\CL.8096.write.1.tlog
D:\GitHub\test\ExRoadDesigner\x64\Release\CL.8396.read.1.tlog
D:\GitHub\test\ExRoadDesigner\x64\Release\CL.8396.write.1.tlog
D:\GitHub\test\ExRoadDesigner\x64\Release\CL.8436.read.1.tlog
D:\GitHub\test\ExRoadDesigner\x64\Release\CL.8436.write.1.tlog
D:\GitHub\test\ExRoadDesigner\x64\Release\CL.8716.read.1.tlog
D:\GitHub\test\ExRoadDesigner\x64\Release\CL.8716.write.1.tlog
D:\GitHub\test\ExRoadDesigner\x64\Release\CL.8728.read.1.tlog
D:\GitHub\test\ExRoadDesigner\x64\Release\CL.8728.write.1.tlog
D:\GitHub\test\ExRoadDesigner\x64\Release\CL.8784.read.1.tlog
D:\GitHub\test\ExRoadDesigner\x64\Release\CL.8784.write.1.tlog
D:\GitHub\test\ExRoadDesigner\x64\Release\CL.8856.read.1.tlog
D:\GitHub\test\ExRoadDesigner\x64\Release\CL.8856.write.1.tlog
D:\GitHub\test\ExRoadDesigner\x64\Release\CL.8868.read.1.tlog
D:\GitHub\test\ExRoadDesigner\x64\Release\CL.8868.write.1.tlog
D:\GitHub\test\ExRoadDesigner\x64\Release\CL.8872.read.1.tlog
D:\GitHub\test\ExRoadDesigner\x64\Release\CL.8872.write.1.tlog
D:\GitHub\test\ExRoadDesigner\x64\Release\CL.8900.read.1.tlog
D:\GitHub\test\ExRoadDesigner\x64\Release\CL.8900.write.1.tlog
D:\GitHub\test\ExRoadDesigner\x64\Release\CL.8944.read.1.tlog
D:\GitHub\test\ExRoadDesigner\x64\Release\CL.8944.write.1.tlog
D:\GitHub\test\ExRoadDesigner\x64\Release\CL.8952.read.1.tlog
D:\GitHub\test\ExRoadDesigner\x64\Release\CL.8952.write.1.tlog
D:\GitHub\test\ExRoadDesigner\x64\Release\CL.8964.read.1.tlog
D:\GitHub\test\ExRoadDesigner\x64\Release\CL.8964.write.1.tlog
D:\GitHub\test\ExRoadDesigner\x64\Release\CL.9152.read.1.tlog
D:\GitHub\test\ExRoadDesigner\x64\Release\CL.9152.write.1.tlog
D:\GitHub\test\ExRoadDesigner\x64\Release\CL.9264.read.1.tlog
D:\GitHub\test\ExRoadDesigner\x64\Release\CL.9264.write.1.tlog
D:\GitHub\test\ExRoadDesigner\x64\Release\CL.9296.read.1.tlog
D:\GitHub\test\ExRoadDesigner\x64\Release\CL.9296.write.1.tlog
D:\GitHub\test\ExRoadDesigner\x64\Release\CL.9364.read.1.tlog
D:\GitHub\test\ExRoadDesigner\x64\Release\CL.9364.write.1.tlog
D:\GitHub\test\ExRoadDesigner\x64\Release\CL.9420.read.1.tlog
D:\GitHub\test\ExRoadDesigner\x64\Release\CL.9420.write.1.tlog
D:\GitHub\test\ExRoadDesigner\x64\Release\CL.9448.read.1.tlog
D:\GitHub\test\ExRoadDesigner\x64\Release\CL.9448.write.1.tlog
D:\GitHub\test\ExRoadDesigner\x64\Release\CL.9492.read.1.tlog
D:\GitHub\test\ExRoadDesigner\x64\Release\CL.9492.write.1.tlog
D:\GitHub\test\ExRoadDesigner\x64\Release\CL.9512.read.1.tlog
D:\GitHub\test\ExRoadDesigner\x64\Release\CL.9512.write.1.tlog
D:\GitHub\test\ExRoadDesigner\x64\Release\CL.9532.read.1.tlog
D:\GitHub\test\ExRoadDesigner\x64\Release\CL.9532.write.1.tlog
D:\GitHub\test\ExRoadDesigner\x64\Release\CL.9564.read.1.tlog
D:\GitHub\test\ExRoadDesigner\x64\Release\CL.9564.write.1.tlog
D:\GitHub\test\ExRoadDesigner\x64\Release\CL.9640.read.1.tlog
D:\GitHub\test\ExRoadDesigner\x64\Release\CL.9640.write.1.tlog
D:\GitHub\test\ExRoadDesigner\x64\Release\CL.9676.read.1.tlog
D:\GitHub\test\ExRoadDesigner\x64\Release\CL.9676.write.1.tlog
D:\GitHub\test\ExRoadDesigner\x64\Release\CL.9692.read.1.tlog
D:\GitHub\test\ExRoadDesigner\x64\Release\CL.9692.write.1.tlog
D:\GitHub\test\ExRoadDesigner\x64\Release\CL.9752.read.1.tlog
D:\GitHub\test\ExRoadDesigner\x64\Release\CL.9752.write.1.tlog
D:\GitHub\test\ExRoadDesigner\x64\Release\CL.9804.read.1.tlog
D:\GitHub\test\ExRoadDesigner\x64\Release\CL.9804.write.1.tlog
D:\GitHub\test\ExRoadDesigner\x64\Release\CL.9808.read.1.tlog
D:\GitHub\test\ExRoadDesigner\x64\Release\CL.9808.write.1.tlog
D:\GitHub\test\ExRoadDesigner\x64\Release\CL.9840.read.1.tlog
D:\GitHub\test\ExRoadDesigner\x64\Release\CL.9840.write.1.tlog
D:\GitHub\test\ExRoadDesigner\x64\Release\CL.9924.read.1.tlog
D:\GitHub\test\ExRoadDesigner\x64\Release\CL.9924.write.1.tlog
D:\GitHub\test\ExRoadDesigner\x64\Release\cl.command.1.tlog
D:\GitHub\test\ExRoadDesigner\x64\Release\CL.read.1.tlog
D:\GitHub\test\ExRoadDesigner\x64\Release\cl.write.1.tlog
D:\GITHUB\TEST\EXROADDESIGNER\X64\RELEASE\CLIPPER.OBJ
D:\GITHUB\TEST\EXROADDESIGNER\X64\RELEASE\COLORTABLE.OBJ
D:\GITHUB\TEST\EXROADDESIGNER\X64\RELEASE\CONTROLWIDGET.OBJ
D:\GITHUB\TEST\EXROADDESIGNER\X64\RELEASE\CONVEXHULL.OBJ
D:\GitHub\test\ExRoadDesigner\x64\Release\custombuild.command.1.tlog
D:\GitHub\test\ExRoadDesigner\x64\Release\custombuild.read.1.tlog
D:\GitHub\test\ExRoadDesigner\x64\Release\custombuild.write.1.tlog
D:\GITHUB\TEST\EXROADDESIGNER\X64\RELEASE\ELEVATIONCOLORTABLE.OBJ
D:\GITHUB\TEST\EXROADDESIGNER\X64\RELEASE\EXROADDESIGNER.EXE.INTERMEDIATE.MANIFEST
D:\GitHub\test\ExRoadDesigner\x64\Release\ExRoadDesigner.vcxprojResolveAssemblyReference.cache
D:\GitHub\test\ExRoadDesigner\x64\Release\ExRoadDesigner.write.1.tlog
D:\GitHub\test\ExRoadDesigner\x64\Release\FlyThroughCamera.obj
D:\GITHUB\TEST\EXROADDESIGNER\X64\RELEASE\GLOBAL.OBJ
D:\GITHUB\TEST\EXROADDESIGNER\X64\RELEASE\GLWIDGET3D.OBJ
D:\GITHUB\TEST\EXROADDESIGNER\X64\RELEASE\GLWIDGET3D_SHADOWS.OBJ
D:\GITHUB\TEST\EXROADDESIGNER\X64\RELEASE\GRAPHUTIL.OBJ
D:\GitHub\test\ExRoadDesigner\x64\Release\Histogram.obj
D:\GitHub\test\ExRoadDesigner\x64\Release\HoughTransform.obj
D:\GITHUB\TEST\EXROADDESIGNER\X64\RELEASE\LC_LAYER.OBJ
D:\GitHub\test\ExRoadDesigner\x64\Release\link.command.1.tlog
D:\GitHub\test\ExRoadDesigner\x64\Release\link.read.1.tlog
D:\GitHub\test\ExRoadDesigner\x64\Release\link.write.1.tlog
D:\GITHUB\TEST\EXROADDESIGNER\X64\RELEASE\MAIN.OBJ
D:\GITHUB\TEST\EXROADDESIGNER\X64\RELEASE\MAINWINDOW.OBJ
D:\GitHub\test\ExRoadDesigner\x64\Release\MassSpring.obj
D:\GitHub\test\ExRoadDesigner\x64\Release\moc_BlendingVideoSettingDialog.obj
D:\GitHub\test\ExRoadDesigner\x64\Release\moc_CircleDetectionScaleInputDialog.obj
D:\GITHUB\TEST\EXROADDESIGNER\X64\RELEASE\MOC_CONTROLWIDGET.OBJ
D:\GitHub\test\ExRoadDesigner\x64\Release\moc_GrowingVideoSettingDialog.obj
D:\GitHub\test\ExRoadDesigner\x64\Release\moc_InterpolationVideoSettingDialog.obj
D:\GITHUB\TEST\EXROADDESIGNER\X64\RELEASE\MOC_MAINWINDOW.OBJ
D:\GITHUB\TEST\EXROADDESIGNER\X64\RELEASE\MOC_PROPERTYWIDGET.OBJ
D:\GitHub\test\ExRoadDesigner\x64\Release\moc_RotationVideoSettingDialog.obj
D:\GitHub\test\ExRoadDesigner\x64\Release\moc_StructureDetectionSettingDialog.obj
D:\GITHUB\TEST\EXROADDESIGNER\X64\RELEASE\MOC_TERRAINSIZEINPUTDIALOG.OBJ
D:\GitHub\test\ExRoadDesigner\x64\Release\moc_VideoCaptureSettingDialog.obj
D:\GitHub\test\ExRoadDesigner\x64\Release\MorphGrid.obj
D:\GitHub\test\ExRoadDesigner\x64\Release\mt.command.1.tlog
D:\GitHub\test\ExRoadDesigner\x64\Release\mt.read.1.tlog
D:\GitHub\test\ExRoadDesigner\x64\Release\mt.write.1.tlog
D:\GITHUB\TEST\EXROADDESIGNER\X64\RELEASE\NVMODEL.OBJ
D:\GITHUB\TEST\EXROADDESIGNER\X64\RELEASE\NVMODELOBJ.OBJ
D:\GITHUB\TEST\EXROADDESIGNER\X64\RELEASE\NVMODELQUERY.OBJ
D:\GITHUB\TEST\EXROADDESIGNER\X64\RELEASE\POLYGON2D.OBJ
D:\GITHUB\TEST\EXROADDESIGNER\X64\RELEASE\POLYGON3D.OBJ
D:\GitHub\test\ExRoadDesigner\x64\Release\PolygonBuilder.obj
D:\GITHUB\TEST\EXROADDESIGNER\X64\RELEASE\POLYLINE2D.OBJ
D:\GITHUB\TEST\EXROADDESIGNER\X64\RELEASE\POLYLINE3D.OBJ
D:\GitHub\test\ExRoadDesigner\x64\Release\PolylineBuilder.obj
D:\GITHUB\TEST\EXROADDESIGNER\X64\RELEASE\PROPERTYWIDGET.OBJ
D:\GITHUB\TEST\EXROADDESIGNER\X64\RELEASE\QRC_MAINWINDOW.OBJ
D:\GITHUB\TEST\EXROADDESIGNER\X64\RELEASE\RENDERERHELPER.OBJ
D:\GitHub\test\ExRoadDesigner\x64\Release\RoadArea.obj
D:\GITHUB\TEST\EXROADDESIGNER\X64\RELEASE\ROADEDGE.OBJ
D:\GITHUB\TEST\EXROADDESIGNER\X64\RELEASE\ROADGRAPH.OBJ
D:\GITHUB\TEST\EXROADDESIGNER\X64\RELEASE\ROADVERTEX.OBJ
D:\GitHub\test\ExRoadDesigner\x64\Release\TensorField.obj
D:\GITHUB\TEST\EXROADDESIGNER\X64\RELEASE\TERRAINSIZEINPUTDIALOG.OBJ
D:\GITHUB\TEST\EXROADDESIGNER\X64\RELEASE\TOPNSEARCH.OBJ
D:\GITHUB\TEST\EXROADDESIGNER\X64\RELEASE\URBANGEOMETRY.OBJ
D:\GITHUB\TEST\EXROADDESIGNER\X64\RELEASE\UTIL.OBJ
D:\GITHUB\TEST\EXROADDESIGNER\X64\RELEASE\VBOBLOCK.OBJ
D:\GITHUB\TEST\EXROADDESIGNER\X64\RELEASE\VBOGEOBUILDING.OBJ
D:\GITHUB\TEST\EXROADDESIGNER\X64\RELEASE\VBOMODEL.OBJ
D:\GITHUB\TEST\EXROADDESIGNER\X64\RELEASE\VBOMODEL_STREETELEMENTS.OBJ
D:\GITHUB\TEST\EXROADDESIGNER\X64\RELEASE\VBOPARCEL.OBJ
D:\GITHUB\TEST\EXROADDESIGNER\X64\RELEASE\VBOPLACETYPE.OBJ
D:\GITHUB\TEST\EXROADDESIGNER\X64\RELEASE\VBOPM.OBJ
D:\GITHUB\TEST\EXROADDESIGNER\X64\RELEASE\VBOPMBLOCKS.OBJ
D:\GITHUB\TEST\EXROADDESIGNER\X64\RELEASE\VBOPMBUILDINGS.OBJ
D:\GITHUB\TEST\EXROADDESIGNER\X64\RELEASE\VBOPMPARCELS.OBJ
D:\GITHUB\TEST\EXROADDESIGNER\X64\RELEASE\VBORENDERMANAGER.OBJ
D:\GITHUB\TEST\EXROADDESIGNER\X64\RELEASE\VBOROADGRAPH.OBJ
D:\GITHUB\TEST\EXROADDESIGNER\X64\RELEASE\VBOSHADER.OBJ
D:\GITHUB\TEST\EXROADDESIGNER\X64\RELEASE\VBOSKYBOX.OBJ
D:\GITHUB\TEST\EXROADDESIGNER\X64\RELEASE\VBOTERRAIN.OBJ
D:\GITHUB\TEST\EXROADDESIGNER\X64\RELEASE\VBOUTIL.OBJ
D:\GITHUB\TEST\EXROADDESIGNER\X64\RELEASE\VBOVEGETATION.OBJ
D:\GITHUB\TEST\EXROADDESIGNER\X64\RELEASE\VBOWATER.OBJ
D:\GitHub\test\ExRoadDesigner\x64\Release\VoronoiUtil.obj
D:\GITHUB\TEST\X64\RELEASE\EXROADDESIGNER.EXE
