D:\GITHUB\QTURBAN\EXROADDESIGNER\GENERATEDFILES\DEBUG\MOC_BLENDINGVIDEOSETTINGDIALOG.CPP
D:\GITHUB\QTURBAN\EXROADDESIGNER\GENERATEDFILES\DEBUG\MOC_CIRCLEDETECTIONSCALEINPUTDIALOG.CPP
D:\GITHUB\QTURBAN\EXROADDESIGNER\GENERATEDFILES\DEBUG\MOC_CONTROLWIDGET.CPP
D:\GITHUB\QTURBAN\EXROADDESIGNER\GENERATEDFILES\DEBUG\MOC_GROWINGVIDEOSETTINGDIALOG.CPP
D:\GITHUB\QTURBAN\EXROADDESIGNER\GENERATEDFILES\DEBUG\MOC_MAINWINDOW.CPP
D:\GITHUB\QTURBAN\EXROADDESIGNER\GENERATEDFILES\DEBUG\MOC_PROPERTYWIDGET.CPP
D:\GITHUB\QTURBAN\EXROADDESIGNER\GENERATEDFILES\DEBUG\MOC_STRUCTUREDETECTIONSETTINGDIALOG.CPP
D:\GITHUB\QTURBAN\EXROADDESIGNER\GENERATEDFILES\DEBUG\MOC_TERRAINSIZEINPUTDIALOG.CPP
D:\GITHUB\QTURBAN\EXROADDESIGNER\GENERATEDFILES\DEBUG\MOC_VIDEOCAPTURESETTINGDIALOG.CPP
D:\GITHUB\QTURBAN\EXROADDESIGNER\GENERATEDFILES\QRC_MAINWINDOW.CPP
D:\GITHUB\QTURBAN\EXROADDESIGNER\GENERATEDFILES\UI_BLENDINGVIDEOSETTINGDIALOG.H
D:\GITHUB\QTURBAN\EXROADDESIGNER\GENERATEDFILES\UI_CIRCLEDETECTIONSCALEINPUTDIALOG.H
D:\GITHUB\QTURBAN\EXROADDESIGNER\GENERATEDFILES\UI_CONTROLWIDGET.H
D:\GITHUB\QTURBAN\EXROADDESIGNER\GENERATEDFILES\UI_GROWINGVIDEOSETTINGDIALOG.H
D:\GITHUB\QTURBAN\EXROADDESIGNER\GENERATEDFILES\UI_MAINWINDOW.H
D:\GITHUB\QTURBAN\EXROADDESIGNER\GENERATEDFILES\UI_PROPERTYWIDGET.H
D:\GITHUB\QTURBAN\EXROADDESIGNER\GENERATEDFILES\UI_STRUCTUREDETECTIONSETTINGDIALOG.H
D:\GITHUB\QTURBAN\EXROADDESIGNER\GENERATEDFILES\UI_TERRAINSIZEINPUTDIALOG.H
D:\GITHUB\QTURBAN\EXROADDESIGNER\GENERATEDFILES\UI_VIDEOCAPTURESETTINGDIALOG.H
D:\GitHub\QtUrban\ExRoadDesigner\x64\Debug\BBox.obj
D:\GITHUB\QTURBAN\EXROADDESIGNER\X64\DEBUG\BLENDINGVIDEOSETTINGDIALOG.OBJ
D:\GitHub\QtUrban\ExRoadDesigner\x64\Debug\BSpline.obj
D:\GITHUB\QTURBAN\EXROADDESIGNER\X64\DEBUG\CAMERASEQUENCE.OBJ
D:\GITHUB\QTURBAN\EXROADDESIGNER\X64\DEBUG\CIRCLEDETECTIONSCALEINPUTDIALOG.OBJ
D:\GitHub\QtUrban\ExRoadDesigner\x64\Debug\CircleHoughTransform.obj
D:\GitHub\QtUrban\ExRoadDesigner\x64\Debug\CL.1028.read.1.tlog
D:\GitHub\QtUrban\ExRoadDesigner\x64\Debug\CL.1028.write.1.tlog
D:\GitHub\QtUrban\ExRoadDesigner\x64\Debug\CL.1120.read.1.tlog
D:\GitHub\QtUrban\ExRoadDesigner\x64\Debug\CL.1120.write.1.tlog
D:\GitHub\QtUrban\ExRoadDesigner\x64\Debug\CL.1272.read.1.tlog
D:\GitHub\QtUrban\ExRoadDesigner\x64\Debug\CL.1272.write.1.tlog
D:\GitHub\QtUrban\ExRoadDesigner\x64\Debug\CL.1312.read.1.tlog
D:\GitHub\QtUrban\ExRoadDesigner\x64\Debug\CL.1312.write.1.tlog
D:\GitHub\QtUrban\ExRoadDesigner\x64\Debug\CL.1952.read.1.tlog
D:\GitHub\QtUrban\ExRoadDesigner\x64\Debug\CL.1952.write.1.tlog
D:\GitHub\QtUrban\ExRoadDesigner\x64\Debug\CL.2008.read.1.tlog
D:\GitHub\QtUrban\ExRoadDesigner\x64\Debug\CL.2008.write.1.tlog
D:\GitHub\QtUrban\ExRoadDesigner\x64\Debug\CL.2012.read.1.tlog
D:\GitHub\QtUrban\ExRoadDesigner\x64\Debug\CL.2012.write.1.tlog
D:\GitHub\QtUrban\ExRoadDesigner\x64\Debug\CL.2156.read.1.tlog
D:\GitHub\QtUrban\ExRoadDesigner\x64\Debug\CL.2156.write.1.tlog
D:\GitHub\QtUrban\ExRoadDesigner\x64\Debug\CL.2220.read.1.tlog
D:\GitHub\QtUrban\ExRoadDesigner\x64\Debug\CL.2220.write.1.tlog
D:\GitHub\QtUrban\ExRoadDesigner\x64\Debug\CL.2260.read.1.tlog
D:\GitHub\QtUrban\ExRoadDesigner\x64\Debug\CL.2260.write.1.tlog
D:\GitHub\QtUrban\ExRoadDesigner\x64\Debug\CL.2388.read.1.tlog
D:\GitHub\QtUrban\ExRoadDesigner\x64\Debug\CL.2388.write.1.tlog
D:\GitHub\QtUrban\ExRoadDesigner\x64\Debug\CL.2408.read.1.tlog
D:\GitHub\QtUrban\ExRoadDesigner\x64\Debug\CL.2408.write.1.tlog
D:\GitHub\QtUrban\ExRoadDesigner\x64\Debug\CL.2412.read.1.tlog
D:\GitHub\QtUrban\ExRoadDesigner\x64\Debug\CL.2412.write.1.tlog
D:\GitHub\QtUrban\ExRoadDesigner\x64\Debug\CL.2424.read.1.tlog
D:\GitHub\QtUrban\ExRoadDesigner\x64\Debug\CL.2424.write.1.tlog
D:\GitHub\QtUrban\ExRoadDesigner\x64\Debug\CL.2456.read.1.tlog
D:\GitHub\QtUrban\ExRoadDesigner\x64\Debug\CL.2456.write.1.tlog
D:\GitHub\QtUrban\ExRoadDesigner\x64\Debug\CL.2460.read.1.tlog
D:\GitHub\QtUrban\ExRoadDesigner\x64\Debug\CL.2460.write.1.tlog
D:\GitHub\QtUrban\ExRoadDesigner\x64\Debug\CL.2808.read.1.tlog
D:\GitHub\QtUrban\ExRoadDesigner\x64\Debug\CL.2808.write.1.tlog
D:\GitHub\QtUrban\ExRoadDesigner\x64\Debug\CL.2852.read.1.tlog
D:\GitHub\QtUrban\ExRoadDesigner\x64\Debug\CL.2852.write.1.tlog
D:\GitHub\QtUrban\ExRoadDesigner\x64\Debug\CL.2872.read.1.tlog
D:\GitHub\QtUrban\ExRoadDesigner\x64\Debug\CL.2872.write.1.tlog
D:\GitHub\QtUrban\ExRoadDesigner\x64\Debug\CL.2984.read.1.tlog
D:\GitHub\QtUrban\ExRoadDesigner\x64\Debug\CL.2984.write.1.tlog
D:\GitHub\QtUrban\ExRoadDesigner\x64\Debug\CL.3160.read.1.tlog
D:\GitHub\QtUrban\ExRoadDesigner\x64\Debug\CL.3160.write.1.tlog
D:\GitHub\QtUrban\ExRoadDesigner\x64\Debug\CL.3188.read.1.tlog
D:\GitHub\QtUrban\ExRoadDesigner\x64\Debug\CL.3188.write.1.tlog
D:\GitHub\QtUrban\ExRoadDesigner\x64\Debug\CL.3264.read.1.tlog
D:\GitHub\QtUrban\ExRoadDesigner\x64\Debug\CL.3264.write.1.tlog
D:\GitHub\QtUrban\ExRoadDesigner\x64\Debug\CL.3268.read.1.tlog
D:\GitHub\QtUrban\ExRoadDesigner\x64\Debug\CL.3268.write.1.tlog
D:\GitHub\QtUrban\ExRoadDesigner\x64\Debug\CL.3396.read.1.tlog
D:\GitHub\QtUrban\ExRoadDesigner\x64\Debug\CL.3396.write.1.tlog
D:\GitHub\QtUrban\ExRoadDesigner\x64\Debug\CL.3440.read.1.tlog
D:\GitHub\QtUrban\ExRoadDesigner\x64\Debug\CL.3440.write.1.tlog
D:\GitHub\QtUrban\ExRoadDesigner\x64\Debug\CL.3492.read.1.tlog
D:\GitHub\QtUrban\ExRoadDesigner\x64\Debug\CL.3492.write.1.tlog
D:\GitHub\QtUrban\ExRoadDesigner\x64\Debug\CL.3500.read.1.tlog
D:\GitHub\QtUrban\ExRoadDesigner\x64\Debug\CL.3500.write.1.tlog
D:\GitHub\QtUrban\ExRoadDesigner\x64\Debug\CL.3536.read.1.tlog
D:\GitHub\QtUrban\ExRoadDesigner\x64\Debug\CL.3536.write.1.tlog
D:\GitHub\QtUrban\ExRoadDesigner\x64\Debug\CL.3616.read.1.tlog
D:\GitHub\QtUrban\ExRoadDesigner\x64\Debug\CL.3616.write.1.tlog
D:\GitHub\QtUrban\ExRoadDesigner\x64\Debug\CL.3636.read.1.tlog
D:\GitHub\QtUrban\ExRoadDesigner\x64\Debug\CL.3636.write.1.tlog
D:\GitHub\QtUrban\ExRoadDesigner\x64\Debug\CL.3648.read.1.tlog
D:\GitHub\QtUrban\ExRoadDesigner\x64\Debug\CL.3648.write.1.tlog
D:\GitHub\QtUrban\ExRoadDesigner\x64\Debug\CL.3684.read.1.tlog
D:\GitHub\QtUrban\ExRoadDesigner\x64\Debug\CL.3684.write.1.tlog
D:\GitHub\QtUrban\ExRoadDesigner\x64\Debug\CL.3740.read.1.tlog
D:\GitHub\QtUrban\ExRoadDesigner\x64\Debug\CL.3740.write.1.tlog
D:\GitHub\QtUrban\ExRoadDesigner\x64\Debug\CL.3764.read.1.tlog
D:\GitHub\QtUrban\ExRoadDesigner\x64\Debug\CL.3764.write.1.tlog
D:\GitHub\QtUrban\ExRoadDesigner\x64\Debug\CL.3804.read.1.tlog
D:\GitHub\QtUrban\ExRoadDesigner\x64\Debug\CL.3804.write.1.tlog
D:\GitHub\QtUrban\ExRoadDesigner\x64\Debug\CL.3876.read.1.tlog
D:\GitHub\QtUrban\ExRoadDesigner\x64\Debug\CL.3876.write.1.tlog
D:\GitHub\QtUrban\ExRoadDesigner\x64\Debug\CL.3920.read.1.tlog
D:\GitHub\QtUrban\ExRoadDesigner\x64\Debug\CL.3920.write.1.tlog
D:\GitHub\QtUrban\ExRoadDesigner\x64\Debug\CL.4100.read.1.tlog
D:\GitHub\QtUrban\ExRoadDesigner\x64\Debug\CL.4100.write.1.tlog
D:\GitHub\QtUrban\ExRoadDesigner\x64\Debug\CL.4204.read.1.tlog
D:\GitHub\QtUrban\ExRoadDesigner\x64\Debug\CL.4204.write.1.tlog
D:\GitHub\QtUrban\ExRoadDesigner\x64\Debug\CL.4228.read.1.tlog
D:\GitHub\QtUrban\ExRoadDesigner\x64\Debug\CL.4228.write.1.tlog
D:\GitHub\QtUrban\ExRoadDesigner\x64\Debug\CL.428.read.1.tlog
D:\GitHub\QtUrban\ExRoadDesigner\x64\Debug\CL.428.write.1.tlog
D:\GitHub\QtUrban\ExRoadDesigner\x64\Debug\CL.4300.read.1.tlog
D:\GitHub\QtUrban\ExRoadDesigner\x64\Debug\CL.4300.write.1.tlog
D:\GitHub\QtUrban\ExRoadDesigner\x64\Debug\CL.4324.read.1.tlog
D:\GitHub\QtUrban\ExRoadDesigner\x64\Debug\CL.4324.write.1.tlog
D:\GitHub\QtUrban\ExRoadDesigner\x64\Debug\CL.4364.read.1.tlog
D:\GitHub\QtUrban\ExRoadDesigner\x64\Debug\CL.4364.write.1.tlog
D:\GitHub\QtUrban\ExRoadDesigner\x64\Debug\CL.4380.read.1.tlog
D:\GitHub\QtUrban\ExRoadDesigner\x64\Debug\CL.4380.write.1.tlog
D:\GitHub\QtUrban\ExRoadDesigner\x64\Debug\CL.4396.read.1.tlog
D:\GitHub\QtUrban\ExRoadDesigner\x64\Debug\CL.4396.write.1.tlog
D:\GitHub\QtUrban\ExRoadDesigner\x64\Debug\CL.4436.read.1.tlog
D:\GitHub\QtUrban\ExRoadDesigner\x64\Debug\CL.4436.write.1.tlog
D:\GitHub\QtUrban\ExRoadDesigner\x64\Debug\CL.4444.read.1.tlog
D:\GitHub\QtUrban\ExRoadDesigner\x64\Debug\CL.4444.write.1.tlog
D:\GitHub\QtUrban\ExRoadDesigner\x64\Debug\CL.4476.read.1.tlog
D:\GitHub\QtUrban\ExRoadDesigner\x64\Debug\CL.4476.write.1.tlog
D:\GitHub\QtUrban\ExRoadDesigner\x64\Debug\CL.4532.read.1.tlog
D:\GitHub\QtUrban\ExRoadDesigner\x64\Debug\CL.4532.write.1.tlog
D:\GitHub\QtUrban\ExRoadDesigner\x64\Debug\CL.4592.read.1.tlog
D:\GitHub\QtUrban\ExRoadDesigner\x64\Debug\CL.4592.write.1.tlog
D:\GitHub\QtUrban\ExRoadDesigner\x64\Debug\CL.4640.read.1.tlog
D:\GitHub\QtUrban\ExRoadDesigner\x64\Debug\CL.4640.write.1.tlog
D:\GitHub\QtUrban\ExRoadDesigner\x64\Debug\CL.4648.read.1.tlog
D:\GitHub\QtUrban\ExRoadDesigner\x64\Debug\CL.4648.write.1.tlog
D:\GitHub\QtUrban\ExRoadDesigner\x64\Debug\CL.4664.read.1.tlog
D:\GitHub\QtUrban\ExRoadDesigner\x64\Debug\CL.4664.write.1.tlog
D:\GitHub\QtUrban\ExRoadDesigner\x64\Debug\CL.4708.read.1.tlog
D:\GitHub\QtUrban\ExRoadDesigner\x64\Debug\CL.4708.write.1.tlog
D:\GitHub\QtUrban\ExRoadDesigner\x64\Debug\CL.4716.read.1.tlog
D:\GitHub\QtUrban\ExRoadDesigner\x64\Debug\CL.4716.write.1.tlog
D:\GitHub\QtUrban\ExRoadDesigner\x64\Debug\CL.4736.read.1.tlog
D:\GitHub\QtUrban\ExRoadDesigner\x64\Debug\CL.4736.write.1.tlog
D:\GitHub\QtUrban\ExRoadDesigner\x64\Debug\CL.4764.read.1.tlog
D:\GitHub\QtUrban\ExRoadDesigner\x64\Debug\CL.4764.write.1.tlog
D:\GitHub\QtUrban\ExRoadDesigner\x64\Debug\CL.4876.read.1.tlog
D:\GitHub\QtUrban\ExRoadDesigner\x64\Debug\CL.4876.write.1.tlog
D:\GitHub\QtUrban\ExRoadDesigner\x64\Debug\CL.5016.read.1.tlog
D:\GitHub\QtUrban\ExRoadDesigner\x64\Debug\CL.5016.write.1.tlog
D:\GitHub\QtUrban\ExRoadDesigner\x64\Debug\CL.5048.read.1.tlog
D:\GitHub\QtUrban\ExRoadDesigner\x64\Debug\CL.5048.write.1.tlog
D:\GitHub\QtUrban\ExRoadDesigner\x64\Debug\CL.5060.read.1.tlog
D:\GitHub\QtUrban\ExRoadDesigner\x64\Debug\CL.5060.write.1.tlog
D:\GitHub\QtUrban\ExRoadDesigner\x64\Debug\CL.5112.read.1.tlog
D:\GitHub\QtUrban\ExRoadDesigner\x64\Debug\CL.5112.write.1.tlog
D:\GitHub\QtUrban\ExRoadDesigner\x64\Debug\CL.5116.read.1.tlog
D:\GitHub\QtUrban\ExRoadDesigner\x64\Debug\CL.5116.write.1.tlog
D:\GitHub\QtUrban\ExRoadDesigner\x64\Debug\CL.5152.read.1.tlog
D:\GitHub\QtUrban\ExRoadDesigner\x64\Debug\CL.5152.write.1.tlog
D:\GitHub\QtUrban\ExRoadDesigner\x64\Debug\CL.5176.read.1.tlog
D:\GitHub\QtUrban\ExRoadDesigner\x64\Debug\CL.5176.write.1.tlog
D:\GitHub\QtUrban\ExRoadDesigner\x64\Debug\CL.5220.read.1.tlog
D:\GitHub\QtUrban\ExRoadDesigner\x64\Debug\CL.5220.write.1.tlog
D:\GitHub\QtUrban\ExRoadDesigner\x64\Debug\CL.5240.read.1.tlog
D:\GitHub\QtUrban\ExRoadDesigner\x64\Debug\CL.5240.write.1.tlog
D:\GitHub\QtUrban\ExRoadDesigner\x64\Debug\CL.5288.read.1.tlog
D:\GitHub\QtUrban\ExRoadDesigner\x64\Debug\CL.5288.write.1.tlog
D:\GitHub\QtUrban\ExRoadDesigner\x64\Debug\CL.5356.read.1.tlog
D:\GitHub\QtUrban\ExRoadDesigner\x64\Debug\CL.5356.write.1.tlog
D:\GitHub\QtUrban\ExRoadDesigner\x64\Debug\CL.5384.read.1.tlog
D:\GitHub\QtUrban\ExRoadDesigner\x64\Debug\CL.5384.write.1.tlog
D:\GitHub\QtUrban\ExRoadDesigner\x64\Debug\CL.5424.read.1.tlog
D:\GitHub\QtUrban\ExRoadDesigner\x64\Debug\CL.5424.write.1.tlog
D:\GitHub\QtUrban\ExRoadDesigner\x64\Debug\CL.5436.read.1.tlog
D:\GitHub\QtUrban\ExRoadDesigner\x64\Debug\CL.5436.write.1.tlog
D:\GitHub\QtUrban\ExRoadDesigner\x64\Debug\CL.5440.read.1.tlog
D:\GitHub\QtUrban\ExRoadDesigner\x64\Debug\CL.5440.write.1.tlog
D:\GitHub\QtUrban\ExRoadDesigner\x64\Debug\CL.5548.read.1.tlog
D:\GitHub\QtUrban\ExRoadDesigner\x64\Debug\CL.5548.write.1.tlog
D:\GitHub\QtUrban\ExRoadDesigner\x64\Debug\CL.5560.read.1.tlog
D:\GitHub\QtUrban\ExRoadDesigner\x64\Debug\CL.5560.write.1.tlog
D:\GitHub\QtUrban\ExRoadDesigner\x64\Debug\CL.5572.read.1.tlog
D:\GitHub\QtUrban\ExRoadDesigner\x64\Debug\CL.5572.write.1.tlog
D:\GitHub\QtUrban\ExRoadDesigner\x64\Debug\CL.5584.read.1.tlog
D:\GitHub\QtUrban\ExRoadDesigner\x64\Debug\CL.5584.write.1.tlog
D:\GitHub\QtUrban\ExRoadDesigner\x64\Debug\CL.5604.read.1.tlog
D:\GitHub\QtUrban\ExRoadDesigner\x64\Debug\CL.5604.write.1.tlog
D:\GitHub\QtUrban\ExRoadDesigner\x64\Debug\CL.564.read.1.tlog
D:\GitHub\QtUrban\ExRoadDesigner\x64\Debug\CL.564.write.1.tlog
D:\GitHub\QtUrban\ExRoadDesigner\x64\Debug\CL.5684.read.1.tlog
D:\GitHub\QtUrban\ExRoadDesigner\x64\Debug\CL.5684.write.1.tlog
D:\GitHub\QtUrban\ExRoadDesigner\x64\Debug\CL.5752.read.1.tlog
D:\GitHub\QtUrban\ExRoadDesigner\x64\Debug\CL.5752.write.1.tlog
D:\GitHub\QtUrban\ExRoadDesigner\x64\Debug\CL.576.read.1.tlog
D:\GitHub\QtUrban\ExRoadDesigner\x64\Debug\CL.576.write.1.tlog
D:\GitHub\QtUrban\ExRoadDesigner\x64\Debug\CL.5768.read.1.tlog
D:\GitHub\QtUrban\ExRoadDesigner\x64\Debug\CL.5768.write.1.tlog
D:\GitHub\QtUrban\ExRoadDesigner\x64\Debug\CL.5800.read.1.tlog
D:\GitHub\QtUrban\ExRoadDesigner\x64\Debug\CL.5800.write.1.tlog
D:\GitHub\QtUrban\ExRoadDesigner\x64\Debug\CL.5808.read.1.tlog
D:\GitHub\QtUrban\ExRoadDesigner\x64\Debug\CL.5808.write.1.tlog
D:\GitHub\QtUrban\ExRoadDesigner\x64\Debug\CL.5820.read.1.tlog
D:\GitHub\QtUrban\ExRoadDesigner\x64\Debug\CL.5820.write.1.tlog
D:\GitHub\QtUrban\ExRoadDesigner\x64\Debug\CL.5844.read.1.tlog
D:\GitHub\QtUrban\ExRoadDesigner\x64\Debug\CL.5844.write.1.tlog
D:\GitHub\QtUrban\ExRoadDesigner\x64\Debug\CL.5852.read.1.tlog
D:\GitHub\QtUrban\ExRoadDesigner\x64\Debug\CL.5852.write.1.tlog
D:\GitHub\QtUrban\ExRoadDesigner\x64\Debug\CL.5908.read.1.tlog
D:\GitHub\QtUrban\ExRoadDesigner\x64\Debug\CL.5908.write.1.tlog
D:\GitHub\QtUrban\ExRoadDesigner\x64\Debug\CL.6028.read.1.tlog
D:\GitHub\QtUrban\ExRoadDesigner\x64\Debug\CL.6028.write.1.tlog
D:\GitHub\QtUrban\ExRoadDesigner\x64\Debug\CL.6100.read.1.tlog
D:\GitHub\QtUrban\ExRoadDesigner\x64\Debug\CL.6100.write.1.tlog
D:\GitHub\QtUrban\ExRoadDesigner\x64\Debug\CL.6108.read.1.tlog
D:\GitHub\QtUrban\ExRoadDesigner\x64\Debug\CL.6108.write.1.tlog
D:\GitHub\QtUrban\ExRoadDesigner\x64\Debug\CL.6112.read.1.tlog
D:\GitHub\QtUrban\ExRoadDesigner\x64\Debug\CL.6112.write.1.tlog
D:\GitHub\QtUrban\ExRoadDesigner\x64\Debug\CL.6140.read.1.tlog
D:\GitHub\QtUrban\ExRoadDesigner\x64\Debug\CL.6140.write.1.tlog
D:\GitHub\QtUrban\ExRoadDesigner\x64\Debug\CL.6176.read.1.tlog
D:\GitHub\QtUrban\ExRoadDesigner\x64\Debug\CL.6176.write.1.tlog
D:\GitHub\QtUrban\ExRoadDesigner\x64\Debug\CL.6260.read.1.tlog
D:\GitHub\QtUrban\ExRoadDesigner\x64\Debug\CL.6260.write.1.tlog
D:\GitHub\QtUrban\ExRoadDesigner\x64\Debug\CL.6392.read.1.tlog
D:\GitHub\QtUrban\ExRoadDesigner\x64\Debug\CL.6392.write.1.tlog
D:\GitHub\QtUrban\ExRoadDesigner\x64\Debug\CL.6412.read.1.tlog
D:\GitHub\QtUrban\ExRoadDesigner\x64\Debug\CL.6412.write.1.tlog
D:\GitHub\QtUrban\ExRoadDesigner\x64\Debug\CL.6420.read.1.tlog
D:\GitHub\QtUrban\ExRoadDesigner\x64\Debug\CL.6420.write.1.tlog
D:\GitHub\QtUrban\ExRoadDesigner\x64\Debug\CL.6444.read.1.tlog
D:\GitHub\QtUrban\ExRoadDesigner\x64\Debug\CL.6444.write.1.tlog
D:\GitHub\QtUrban\ExRoadDesigner\x64\Debug\CL.6456.read.1.tlog
D:\GitHub\QtUrban\ExRoadDesigner\x64\Debug\CL.6456.write.1.tlog
D:\GitHub\QtUrban\ExRoadDesigner\x64\Debug\CL.6520.read.1.tlog
D:\GitHub\QtUrban\ExRoadDesigner\x64\Debug\CL.6520.write.1.tlog
D:\GitHub\QtUrban\ExRoadDesigner\x64\Debug\CL.6560.read.1.tlog
D:\GitHub\QtUrban\ExRoadDesigner\x64\Debug\CL.6560.write.1.tlog
D:\GitHub\QtUrban\ExRoadDesigner\x64\Debug\CL.6576.read.1.tlog
D:\GitHub\QtUrban\ExRoadDesigner\x64\Debug\CL.6576.write.1.tlog
D:\GitHub\QtUrban\ExRoadDesigner\x64\Debug\CL.6640.read.1.tlog
D:\GitHub\QtUrban\ExRoadDesigner\x64\Debug\CL.6640.write.1.tlog
D:\GitHub\QtUrban\ExRoadDesigner\x64\Debug\CL.6668.read.1.tlog
D:\GitHub\QtUrban\ExRoadDesigner\x64\Debug\CL.6668.write.1.tlog
D:\GitHub\QtUrban\ExRoadDesigner\x64\Debug\CL.6804.read.1.tlog
D:\GitHub\QtUrban\ExRoadDesigner\x64\Debug\CL.6804.write.1.tlog
D:\GitHub\QtUrban\ExRoadDesigner\x64\Debug\CL.6824.read.1.tlog
D:\GitHub\QtUrban\ExRoadDesigner\x64\Debug\CL.6824.write.1.tlog
D:\GitHub\QtUrban\ExRoadDesigner\x64\Debug\CL.688.read.1.tlog
D:\GitHub\QtUrban\ExRoadDesigner\x64\Debug\CL.688.write.1.tlog
D:\GitHub\QtUrban\ExRoadDesigner\x64\Debug\CL.6880.read.1.tlog
D:\GitHub\QtUrban\ExRoadDesigner\x64\Debug\CL.6880.write.1.tlog
D:\GitHub\QtUrban\ExRoadDesigner\x64\Debug\CL.6896.read.1.tlog
D:\GitHub\QtUrban\ExRoadDesigner\x64\Debug\CL.6896.write.1.tlog
D:\GitHub\QtUrban\ExRoadDesigner\x64\Debug\CL.6920.read.1.tlog
D:\GitHub\QtUrban\ExRoadDesigner\x64\Debug\CL.6920.write.1.tlog
D:\GitHub\QtUrban\ExRoadDesigner\x64\Debug\CL.6932.read.1.tlog
D:\GitHub\QtUrban\ExRoadDesigner\x64\Debug\CL.6932.write.1.tlog
D:\GitHub\QtUrban\ExRoadDesigner\x64\Debug\CL.6996.read.1.tlog
D:\GitHub\QtUrban\ExRoadDesigner\x64\Debug\CL.6996.write.1.tlog
D:\GitHub\QtUrban\ExRoadDesigner\x64\Debug\CL.7012.read.1.tlog
D:\GitHub\QtUrban\ExRoadDesigner\x64\Debug\CL.7012.write.1.tlog
D:\GitHub\QtUrban\ExRoadDesigner\x64\Debug\CL.7044.read.1.tlog
D:\GitHub\QtUrban\ExRoadDesigner\x64\Debug\CL.7044.write.1.tlog
D:\GitHub\QtUrban\ExRoadDesigner\x64\Debug\CL.7064.read.1.tlog
D:\GitHub\QtUrban\ExRoadDesigner\x64\Debug\CL.7064.write.1.tlog
D:\GitHub\QtUrban\ExRoadDesigner\x64\Debug\CL.7108.read.1.tlog
D:\GitHub\QtUrban\ExRoadDesigner\x64\Debug\CL.7108.write.1.tlog
D:\GitHub\QtUrban\ExRoadDesigner\x64\Debug\CL.784.read.1.tlog
D:\GitHub\QtUrban\ExRoadDesigner\x64\Debug\CL.784.write.1.tlog
D:\GitHub\QtUrban\ExRoadDesigner\x64\Debug\CL.872.read.1.tlog
D:\GitHub\QtUrban\ExRoadDesigner\x64\Debug\CL.872.write.1.tlog
D:\GitHub\QtUrban\ExRoadDesigner\x64\Debug\cl.command.1.tlog
D:\GitHub\QtUrban\ExRoadDesigner\x64\Debug\CL.read.1.tlog
D:\GitHub\QtUrban\ExRoadDesigner\x64\Debug\cl.write.1.tlog
D:\GitHub\QtUrban\ExRoadDesigner\x64\Debug\clipper.obj
D:\GitHub\QtUrban\ExRoadDesigner\x64\Debug\ColorTable.obj
D:\GITHUB\QTURBAN\EXROADDESIGNER\X64\DEBUG\CONTROLWIDGET.OBJ
D:\GitHub\QtUrban\ExRoadDesigner\x64\Debug\ConvexHull.obj
D:\GitHub\QtUrban\ExRoadDesigner\x64\Debug\custombuild.command.1.tlog
D:\GitHub\QtUrban\ExRoadDesigner\x64\Debug\custombuild.read.1.tlog
D:\GitHub\QtUrban\ExRoadDesigner\x64\Debug\custombuild.write.1.tlog
D:\GitHub\QtUrban\ExRoadDesigner\x64\Debug\ElevationColorTable.obj
D:\GitHub\QtUrban\ExRoadDesigner\x64\Debug\ExFeature.obj
D:\GITHUB\QTURBAN\EXROADDESIGNER\X64\DEBUG\EXROADDESIGNER.EXE.INTERMEDIATE.MANIFEST
D:\GitHub\QtUrban\ExRoadDesigner\x64\Debug\ExRoadDesigner.vcxprojResolveAssemblyReference.cache
D:\GitHub\QtUrban\ExRoadDesigner\x64\Debug\ExRoadDesigner.write.1.tlog
D:\GITHUB\QTURBAN\EXROADDESIGNER\X64\DEBUG\FLYTHROUGHCAMERA.OBJ
D:\GitHub\QtUrban\ExRoadDesigner\x64\Debug\global.obj
D:\GITHUB\QTURBAN\EXROADDESIGNER\X64\DEBUG\GLWIDGET3D.OBJ
D:\GITHUB\QTURBAN\EXROADDESIGNER\X64\DEBUG\GLWIDGET3D_SHADOWS.OBJ
D:\GitHub\QtUrban\ExRoadDesigner\x64\Debug\GraphUtil.obj
D:\GITHUB\QTURBAN\EXROADDESIGNER\X64\DEBUG\GROWINGVIDEOSETTINGDIALOG.OBJ
D:\GitHub\QtUrban\ExRoadDesigner\x64\Debug\Histogram.obj
D:\GitHub\QtUrban\ExRoadDesigner\x64\Debug\HoughTransform.obj
D:\GitHub\QtUrban\ExRoadDesigner\x64\Debug\LC_Layer.obj
D:\GitHub\QtUrban\ExRoadDesigner\x64\Debug\link.command.1.tlog
D:\GitHub\QtUrban\ExRoadDesigner\x64\Debug\link.read.1.tlog
D:\GitHub\QtUrban\ExRoadDesigner\x64\Debug\link.write.1.tlog
D:\GITHUB\QTURBAN\EXROADDESIGNER\X64\DEBUG\MAIN.OBJ
D:\GITHUB\QTURBAN\EXROADDESIGNER\X64\DEBUG\MAINWINDOW.OBJ
D:\GitHub\QtUrban\ExRoadDesigner\x64\Debug\MassSpring.obj
D:\GITHUB\QTURBAN\EXROADDESIGNER\X64\DEBUG\MOC_BLENDINGVIDEOSETTINGDIALOG.OBJ
D:\GITHUB\QTURBAN\EXROADDESIGNER\X64\DEBUG\MOC_CIRCLEDETECTIONSCALEINPUTDIALOG.OBJ
D:\GITHUB\QTURBAN\EXROADDESIGNER\X64\DEBUG\MOC_CONTROLWIDGET.OBJ
D:\GITHUB\QTURBAN\EXROADDESIGNER\X64\DEBUG\MOC_GROWINGVIDEOSETTINGDIALOG.OBJ
D:\GITHUB\QTURBAN\EXROADDESIGNER\X64\DEBUG\MOC_MAINWINDOW.OBJ
D:\GITHUB\QTURBAN\EXROADDESIGNER\X64\DEBUG\MOC_PROPERTYWIDGET.OBJ
D:\GITHUB\QTURBAN\EXROADDESIGNER\X64\DEBUG\MOC_STRUCTUREDETECTIONSETTINGDIALOG.OBJ
D:\GITHUB\QTURBAN\EXROADDESIGNER\X64\DEBUG\MOC_TERRAINSIZEINPUTDIALOG.OBJ
D:\GITHUB\QTURBAN\EXROADDESIGNER\X64\DEBUG\MOC_VIDEOCAPTURESETTINGDIALOG.OBJ
D:\GitHub\QtUrban\ExRoadDesigner\x64\Debug\MorphGrid.obj
D:\GitHub\QtUrban\ExRoadDesigner\x64\Debug\mt.command.1.tlog
D:\GitHub\QtUrban\ExRoadDesigner\x64\Debug\mt.read.1.tlog
D:\GitHub\QtUrban\ExRoadDesigner\x64\Debug\mt.write.1.tlog
D:\GitHub\QtUrban\ExRoadDesigner\x64\Debug\nvModel.obj
D:\GitHub\QtUrban\ExRoadDesigner\x64\Debug\nvModelObj.obj
D:\GitHub\QtUrban\ExRoadDesigner\x64\Debug\nvModelQuery.obj
D:\GITHUB\QTURBAN\EXROADDESIGNER\X64\DEBUG\PATCHMULTIINTEXROADGENERATOR.OBJ
D:\GITHUB\QTURBAN\EXROADDESIGNER\X64\DEBUG\PATCHTENSORROADGENERATOR.OBJ
D:\GITHUB\QTURBAN\EXROADDESIGNER\X64\DEBUG\PATCHWARP2ROADGENERATOR.OBJ
D:\GITHUB\QTURBAN\EXROADDESIGNER\X64\DEBUG\PATCHWARPROADGENERATOR.OBJ
D:\GITHUB\QTURBAN\EXROADDESIGNER\X64\DEBUG\PMROADGENERATOR.OBJ
D:\GitHub\QtUrban\ExRoadDesigner\x64\Debug\Polygon2D.obj
D:\GitHub\QtUrban\ExRoadDesigner\x64\Debug\Polygon3D.obj
D:\GitHub\QtUrban\ExRoadDesigner\x64\Debug\PolygonBuilder.obj
D:\GitHub\QtUrban\ExRoadDesigner\x64\Debug\Polyline2D.obj
D:\GitHub\QtUrban\ExRoadDesigner\x64\Debug\Polyline3D.obj
D:\GitHub\QtUrban\ExRoadDesigner\x64\Debug\PolylineBuilder.obj
D:\GITHUB\QTURBAN\EXROADDESIGNER\X64\DEBUG\PROPERTYWIDGET.OBJ
D:\GITHUB\QTURBAN\EXROADDESIGNER\X64\DEBUG\QRC_MAINWINDOW.OBJ
D:\GITHUB\QTURBAN\EXROADDESIGNER\X64\DEBUG\RENDERERHELPER.OBJ
D:\GitHub\QtUrban\ExRoadDesigner\x64\Debug\RoadArea.obj
D:\GitHub\QtUrban\ExRoadDesigner\x64\Debug\RoadAreaSet.obj
D:\GitHub\QtUrban\ExRoadDesigner\x64\Debug\RoadEdge.obj
D:\GITHUB\QTURBAN\EXROADDESIGNER\X64\DEBUG\ROADGENERATORHELPER.OBJ
D:\GitHub\QtUrban\ExRoadDesigner\x64\Debug\RoadGraph.obj
D:\GitHub\QtUrban\ExRoadDesigner\x64\Debug\RoadVertex.obj
D:\GitHub\QtUrban\ExRoadDesigner\x64\Debug\ShapeDetector.obj
D:\GitHub\QtUrban\ExRoadDesigner\x64\Debug\SmallBlockRemover.obj
D:\GITHUB\QTURBAN\EXROADDESIGNER\X64\DEBUG\STRUCTUREDETECTIONSETTINGDIALOG.OBJ
D:\GitHub\QtUrban\ExRoadDesigner\x64\Debug\TensorField.obj
D:\GITHUB\QTURBAN\EXROADDESIGNER\X64\DEBUG\TERRAINSIZEINPUTDIALOG.OBJ
D:\GitHub\QtUrban\ExRoadDesigner\x64\Debug\TopNSearch.obj
D:\GITHUB\QTURBAN\EXROADDESIGNER\X64\DEBUG\URBANGEOMETRY.OBJ
D:\GitHub\QtUrban\ExRoadDesigner\x64\Debug\Util.obj
D:\GitHub\QtUrban\ExRoadDesigner\x64\Debug\VBOBlock.obj
D:\GitHub\QtUrban\ExRoadDesigner\x64\Debug\VBOGeoBuilding.obj
D:\GitHub\QtUrban\ExRoadDesigner\x64\Debug\VBOModel.obj
D:\GitHub\QtUrban\ExRoadDesigner\x64\Debug\VBOModel_StreetElements.obj
D:\GitHub\QtUrban\ExRoadDesigner\x64\Debug\VBOParcel.obj
D:\GitHub\QtUrban\ExRoadDesigner\x64\Debug\VBOPlaceType.obj
D:\GitHub\QtUrban\ExRoadDesigner\x64\Debug\VBOPm.obj
D:\GITHUB\QTURBAN\EXROADDESIGNER\X64\DEBUG\VBOPMBLOCKS.OBJ
D:\GitHub\QtUrban\ExRoadDesigner\x64\Debug\VBOPmBuildings.obj
D:\GitHub\QtUrban\ExRoadDesigner\x64\Debug\VBOPmParcels.obj
D:\GitHub\QtUrban\ExRoadDesigner\x64\Debug\VBORenderManager.obj
D:\GITHUB\QTURBAN\EXROADDESIGNER\X64\DEBUG\VBOROADGRAPH.OBJ
D:\GitHub\QtUrban\ExRoadDesigner\x64\Debug\VBOShader.obj
D:\GitHub\QtUrban\ExRoadDesigner\x64\Debug\VBOSkyBox.obj
D:\GitHub\QtUrban\ExRoadDesigner\x64\Debug\VBOTerrain.obj
D:\GitHub\QtUrban\ExRoadDesigner\x64\Debug\VBOUtil.obj
D:\GitHub\QtUrban\ExRoadDesigner\x64\Debug\VBOVegetation.obj
D:\GitHub\QtUrban\ExRoadDesigner\x64\Debug\VBOWater.obj
D:\GITHUB\QTURBAN\EXROADDESIGNER\X64\DEBUG\VC100.PDB
D:\GITHUB\QTURBAN\EXROADDESIGNER\X64\DEBUG\VIDEOCAPTURESETTINGDIALOG.OBJ
D:\GitHub\QtUrban\ExRoadDesigner\x64\Debug\VoronoiUtil.obj
D:\GITHUB\QTURBAN\X64\DEBUG\EXROADDESIGNER.EXE
D:\GITHUB\QTURBAN\X64\DEBUG\EXROADDESIGNER.ILK
D:\GITHUB\QTURBAN\X64\DEBUG\EXROADDESIGNER.PDB
